have_func: checking for mysql_ssl_set()... -------------------- yes

"/usr/bin/gcc-4.2 -o conftest -I/Users/chmthielen/.rvm/rubies/ruby-1.9.2-p290/include/ruby-1.9.1/x86_64-darwin11.0.0 -I/Users/chmthielen/.rvm/rubies/ruby-1.9.2-p290/include/ruby-1.9.1/ruby/backward -I/Users/chmthielen/.rvm/rubies/ruby-1.9.2-p290/include/ruby-1.9.1 -I. -D_XOPEN_SOURCE -D_DARWIN_C_SOURCE   -I/opt/local/include/mysql5/mysql  -fPIC    -D_P1003_1B_VISIBLE -DSIGNAL_WITH_VIO_CLOSE -DSIGNALS_DONT_BREAK_READ -DIGNORE_SIGHUP_SIGQUIT  -DDONT_DECLARE_CXA_PURE_VIRTUAL  -O3 -ggdb -Wextra -Wno-unused-parameter -Wno-parentheses -Wpointer-arith -Wwrite-strings -Wno-missing-field-initializers -Wshorten-64-to-32 -Wno-long-long  -fno-common -pipe conftest.c  -L. -L/Users/chmthielen/.rvm/rubies/ruby-1.9.2-p290/lib -L. -L/usr/local/lib    -L/opt/local/lib   -L/opt/local/lib/mysql5/mysql -lmysqlclient -L/opt/local/lib -lz -lm  -L/opt/local/lib/ -lssl -lcrypto  -lruby.1.9.1-static  -lpthread -ldl -lobjc "
checked program was:
/* begin */
1: #include "ruby.h"
2: 
3: int main() {return 0;}
/* end */

"/usr/bin/gcc-4.2 -o conftest -I/Users/chmthielen/.rvm/rubies/ruby-1.9.2-p290/include/ruby-1.9.1/x86_64-darwin11.0.0 -I/Users/chmthielen/.rvm/rubies/ruby-1.9.2-p290/include/ruby-1.9.1/ruby/backward -I/Users/chmthielen/.rvm/rubies/ruby-1.9.2-p290/include/ruby-1.9.1 -I. -D_XOPEN_SOURCE -D_DARWIN_C_SOURCE   -I/opt/local/include/mysql5/mysql  -fPIC    -D_P1003_1B_VISIBLE -DSIGNAL_WITH_VIO_CLOSE -DSIGNALS_DONT_BREAK_READ -DIGNORE_SIGHUP_SIGQUIT  -DDONT_DECLARE_CXA_PURE_VIRTUAL  -O3 -ggdb -Wextra -Wno-unused-parameter -Wno-parentheses -Wpointer-arith -Wwrite-strings -Wno-missing-field-initializers -Wshorten-64-to-32 -Wno-long-long  -fno-common -pipe conftest.c  -L. -L/Users/chmthielen/.rvm/rubies/ruby-1.9.2-p290/lib -L. -L/usr/local/lib    -L/opt/local/lib   -L/opt/local/lib/mysql5/mysql -lmysqlclient -L/opt/local/lib -lz -lm  -L/opt/local/lib/ -lssl -lcrypto  -lruby.1.9.1-static -L/opt/local/lib   -L/opt/local/lib/mysql5/mysql -lmysqlclient -L/opt/local/lib -lz -lm  -L/opt/local/lib/ -lssl -lcrypto  -lpthread -ldl -lobjc "
conftest.c: In function ‘t’:
conftest.c:5: error: ‘mysql_ssl_set’ undeclared (first use in this function)
conftest.c:5: error: (Each undeclared identifier is reported only once
conftest.c:5: error: for each function it appears in.)
checked program was:
/* begin */
1: #include "ruby.h"
2: 
3: /*top*/
4: int main() {return 0;}
5: int t() { void ((*volatile p)()); p = (void ((*)()))mysql_ssl_set; return 0; }
/* end */

"/usr/bin/gcc-4.2 -o conftest -I/Users/chmthielen/.rvm/rubies/ruby-1.9.2-p290/include/ruby-1.9.1/x86_64-darwin11.0.0 -I/Users/chmthielen/.rvm/rubies/ruby-1.9.2-p290/include/ruby-1.9.1/ruby/backward -I/Users/chmthielen/.rvm/rubies/ruby-1.9.2-p290/include/ruby-1.9.1 -I. -D_XOPEN_SOURCE -D_DARWIN_C_SOURCE   -I/opt/local/include/mysql5/mysql  -fPIC    -D_P1003_1B_VISIBLE -DSIGNAL_WITH_VIO_CLOSE -DSIGNALS_DONT_BREAK_READ -DIGNORE_SIGHUP_SIGQUIT  -DDONT_DECLARE_CXA_PURE_VIRTUAL  -O3 -ggdb -Wextra -Wno-unused-parameter -Wno-parentheses -Wpointer-arith -Wwrite-strings -Wno-missing-field-initializers -Wshorten-64-to-32 -Wno-long-long  -fno-common -pipe conftest.c  -L. -L/Users/chmthielen/.rvm/rubies/ruby-1.9.2-p290/lib -L. -L/usr/local/lib    -L/opt/local/lib   -L/opt/local/lib/mysql5/mysql -lmysqlclient -L/opt/local/lib -lz -lm  -L/opt/local/lib/ -lssl -lcrypto  -lruby.1.9.1-static -L/opt/local/lib   -L/opt/local/lib/mysql5/mysql -lmysqlclient -L/opt/local/lib -lz -lm  -L/opt/local/lib/ -lssl -lcrypto  -lpthread -ldl -lobjc "
checked program was:
/* begin */
1: #include "ruby.h"
2: 
3: /*top*/
4: int main() {return 0;}
5: int t() { mysql_ssl_set(); return 0; }
/* end */

--------------------

have_func: checking for rb_str_set_len()... -------------------- yes

"/usr/bin/gcc-4.2 -o conftest -I/Users/chmthielen/.rvm/rubies/ruby-1.9.2-p290/include/ruby-1.9.1/x86_64-darwin11.0.0 -I/Users/chmthielen/.rvm/rubies/ruby-1.9.2-p290/include/ruby-1.9.1/ruby/backward -I/Users/chmthielen/.rvm/rubies/ruby-1.9.2-p290/include/ruby-1.9.1 -I. -D_XOPEN_SOURCE -D_DARWIN_C_SOURCE   -I/opt/local/include/mysql5/mysql  -fPIC    -D_P1003_1B_VISIBLE -DSIGNAL_WITH_VIO_CLOSE -DSIGNALS_DONT_BREAK_READ -DIGNORE_SIGHUP_SIGQUIT  -DDONT_DECLARE_CXA_PURE_VIRTUAL  -O3 -ggdb -Wextra -Wno-unused-parameter -Wno-parentheses -Wpointer-arith -Wwrite-strings -Wno-missing-field-initializers -Wshorten-64-to-32 -Wno-long-long  -fno-common -pipe conftest.c  -L. -L/Users/chmthielen/.rvm/rubies/ruby-1.9.2-p290/lib -L. -L/usr/local/lib    -L/opt/local/lib   -L/opt/local/lib/mysql5/mysql -lmysqlclient -L/opt/local/lib -lz -lm  -L/opt/local/lib/ -lssl -lcrypto  -lruby.1.9.1-static -L/opt/local/lib   -L/opt/local/lib/mysql5/mysql -lmysqlclient -L/opt/local/lib -lz -lm  -L/opt/local/lib/ -lssl -lcrypto  -lpthread -ldl -lobjc "
checked program was:
/* begin */
1: #include "ruby.h"
2: 
3: /*top*/
4: int main() {return 0;}
5: int t() { void ((*volatile p)()); p = (void ((*)()))rb_str_set_len; return 0; }
/* end */

--------------------

have_func: checking for rb_thread_start_timer()... -------------------- no

"/usr/bin/gcc-4.2 -o conftest -I/Users/chmthielen/.rvm/rubies/ruby-1.9.2-p290/include/ruby-1.9.1/x86_64-darwin11.0.0 -I/Users/chmthielen/.rvm/rubies/ruby-1.9.2-p290/include/ruby-1.9.1/ruby/backward -I/Users/chmthielen/.rvm/rubies/ruby-1.9.2-p290/include/ruby-1.9.1 -I. -D_XOPEN_SOURCE -D_DARWIN_C_SOURCE   -I/opt/local/include/mysql5/mysql  -fPIC    -D_P1003_1B_VISIBLE -DSIGNAL_WITH_VIO_CLOSE -DSIGNALS_DONT_BREAK_READ -DIGNORE_SIGHUP_SIGQUIT  -DDONT_DECLARE_CXA_PURE_VIRTUAL  -O3 -ggdb -Wextra -Wno-unused-parameter -Wno-parentheses -Wpointer-arith -Wwrite-strings -Wno-missing-field-initializers -Wshorten-64-to-32 -Wno-long-long  -fno-common -pipe conftest.c  -L. -L/Users/chmthielen/.rvm/rubies/ruby-1.9.2-p290/lib -L. -L/usr/local/lib    -L/opt/local/lib   -L/opt/local/lib/mysql5/mysql -lmysqlclient -L/opt/local/lib -lz -lm  -L/opt/local/lib/ -lssl -lcrypto  -lruby.1.9.1-static -L/opt/local/lib   -L/opt/local/lib/mysql5/mysql -lmysqlclient -L/opt/local/lib -lz -lm  -L/opt/local/lib/ -lssl -lcrypto  -lpthread -ldl -lobjc "
conftest.c: In function ‘t’:
conftest.c:5: error: ‘rb_thread_start_timer’ undeclared (first use in this function)
conftest.c:5: error: (Each undeclared identifier is reported only once
conftest.c:5: error: for each function it appears in.)
checked program was:
/* begin */
1: #include "ruby.h"
2: 
3: /*top*/
4: int main() {return 0;}
5: int t() { void ((*volatile p)()); p = (void ((*)()))rb_thread_start_timer; return 0; }
/* end */

"/usr/bin/gcc-4.2 -o conftest -I/Users/chmthielen/.rvm/rubies/ruby-1.9.2-p290/include/ruby-1.9.1/x86_64-darwin11.0.0 -I/Users/chmthielen/.rvm/rubies/ruby-1.9.2-p290/include/ruby-1.9.1/ruby/backward -I/Users/chmthielen/.rvm/rubies/ruby-1.9.2-p290/include/ruby-1.9.1 -I. -D_XOPEN_SOURCE -D_DARWIN_C_SOURCE   -I/opt/local/include/mysql5/mysql  -fPIC    -D_P1003_1B_VISIBLE -DSIGNAL_WITH_VIO_CLOSE -DSIGNALS_DONT_BREAK_READ -DIGNORE_SIGHUP_SIGQUIT  -DDONT_DECLARE_CXA_PURE_VIRTUAL  -O3 -ggdb -Wextra -Wno-unused-parameter -Wno-parentheses -Wpointer-arith -Wwrite-strings -Wno-missing-field-initializers -Wshorten-64-to-32 -Wno-long-long  -fno-common -pipe conftest.c  -L. -L/Users/chmthielen/.rvm/rubies/ruby-1.9.2-p290/lib -L. -L/usr/local/lib    -L/opt/local/lib   -L/opt/local/lib/mysql5/mysql -lmysqlclient -L/opt/local/lib -lz -lm  -L/opt/local/lib/ -lssl -lcrypto  -lruby.1.9.1-static -L/opt/local/lib   -L/opt/local/lib/mysql5/mysql -lmysqlclient -L/opt/local/lib -lz -lm  -L/opt/local/lib/ -lssl -lcrypto  -lpthread -ldl -lobjc "
Undefined symbols for architecture x86_64:
  "_rb_thread_start_timer", referenced from:
      _t in ccxKZugH.o
ld: symbol(s) not found for architecture x86_64
collect2: ld returned 1 exit status
checked program was:
/* begin */
1: #include "ruby.h"
2: 
3: /*top*/
4: int main() {return 0;}
5: int t() { rb_thread_start_timer(); return 0; }
/* end */

--------------------

have_header: checking for mysql.h... -------------------- yes

"/usr/bin/gcc-4.2 -E -I/Users/chmthielen/.rvm/rubies/ruby-1.9.2-p290/include/ruby-1.9.1/x86_64-darwin11.0.0 -I/Users/chmthielen/.rvm/rubies/ruby-1.9.2-p290/include/ruby-1.9.1/ruby/backward -I/Users/chmthielen/.rvm/rubies/ruby-1.9.2-p290/include/ruby-1.9.1 -I. -D_XOPEN_SOURCE -D_DARWIN_C_SOURCE   -I/opt/local/include/mysql5/mysql  -fPIC    -D_P1003_1B_VISIBLE -DSIGNAL_WITH_VIO_CLOSE -DSIGNALS_DONT_BREAK_READ -DIGNORE_SIGHUP_SIGQUIT  -DDONT_DECLARE_CXA_PURE_VIRTUAL  -O3 -ggdb -Wextra -Wno-unused-parameter -Wno-parentheses -Wpointer-arith -Wwrite-strings -Wno-missing-field-initializers -Wshorten-64-to-32 -Wno-long-long  -fno-common -pipe  conftest.c -o conftest.i"
checked program was:
/* begin */
1: #include "ruby.h"
2: 
3: #include <mysql.h>
/* end */

--------------------

